0 info it worked if it ends with ok
1 verbose cli [ '/usr/local/bin/node',
1 verbose cli   '/usr/local/bin/npm',
1 verbose cli   'install',
1 verbose cli   '-g',
1 verbose cli   'grunt-cli',
1 verbose cli   'bower' ]
2 info using npm@2.7.4
3 info using node@v0.12.2
4 verbose node symlink /usr/local/bin/node
5 silly cache add args [ 'grunt-cli', null ]
6 verbose cache add spec grunt-cli
7 silly cache add args [ 'bower', null ]
8 verbose cache add spec bower
9 silly cache add parsed spec { raw: 'grunt-cli',
9 silly cache add   scope: null,
9 silly cache add   name: 'grunt-cli',
9 silly cache add   rawSpec: '',
9 silly cache add   spec: '*',
9 silly cache add   type: 'range' }
10 verbose addNamed grunt-cli@*
11 silly addNamed semver.valid null
12 silly addNamed semver.validRange *
13 silly addNameRange { name: 'grunt-cli', range: '*', hasData: false }
14 silly mapToRegistry name grunt-cli
15 silly mapToRegistry using default registry
16 silly mapToRegistry registry https://registry.npmjs.org/
17 silly mapToRegistry uri https://registry.npmjs.org/grunt-cli
18 verbose addNameRange registry:https://registry.npmjs.org/grunt-cli not in flight; fetching
19 silly cache add parsed spec { raw: 'bower',
19 silly cache add   scope: null,
19 silly cache add   name: 'bower',
19 silly cache add   rawSpec: '',
19 silly cache add   spec: '*',
19 silly cache add   type: 'range' }
20 verbose addNamed bower@*
21 silly addNamed semver.valid null
22 silly addNamed semver.validRange *
23 silly addNameRange { name: 'bower', range: '*', hasData: false }
24 silly mapToRegistry name bower
25 silly mapToRegistry using default registry
26 silly mapToRegistry registry https://registry.npmjs.org/
27 silly mapToRegistry uri https://registry.npmjs.org/bower
28 verbose addNameRange registry:https://registry.npmjs.org/bower not in flight; fetching
29 verbose request uri https://registry.npmjs.org/grunt-cli
30 verbose request no auth needed
31 info attempt registry request try #1 at 10:34:22 AM
32 verbose request id 959736c431224d7d
33 http request GET https://registry.npmjs.org/grunt-cli
34 verbose request uri https://registry.npmjs.org/bower
35 verbose request no auth needed
36 info attempt registry request try #1 at 10:34:22 AM
37 http request GET https://registry.npmjs.org/bower
38 http 200 https://registry.npmjs.org/grunt-cli
39 silly get cb [ 200,
39 silly get   { date: 'Sat, 11 Apr 2015 10:34:29 GMT',
39 silly get     server: 'CouchDB/1.5.0 (Erlang OTP/R16B03)',
39 silly get     etag: '"2EGSBIREMA26FXHEYS0CJPYJD"',
39 silly get     'content-type': 'application/json',
39 silly get     'cache-control': 'max-age=60',
39 silly get     'content-length': '20687',
39 silly get     'accept-ranges': 'bytes',
39 silly get     via: '1.1 varnish',
39 silly get     age: '0',
39 silly get     'x-served-by': 'cache-lhr6326-LHR',
39 silly get     'x-cache': 'HIT',
39 silly get     'x-cache-hits': '1',
39 silly get     'x-timer': 'S1428748469.610933,VS0,VE363',
39 silly get     vary: 'Accept',
39 silly get     'keep-alive': 'timeout=10, max=50',
39 silly get     connection: 'Keep-Alive' } ]
40 verbose get saving grunt-cli to /Users/Jean/.npm/registry.npmjs.org/grunt-cli/.cache.json
41 silly addNameRange number 2 { name: 'grunt-cli', range: '*', hasData: true }
42 silly addNameRange versions [ 'grunt-cli',
42 silly addNameRange   [ '0.1.0',
42 silly addNameRange     '0.1.1',
42 silly addNameRange     '0.1.2',
42 silly addNameRange     '0.1.3',
42 silly addNameRange     '0.1.4',
42 silly addNameRange     '0.1.5',
42 silly addNameRange     '0.1.6',
42 silly addNameRange     '0.1.7',
42 silly addNameRange     '0.1.8',
42 silly addNameRange     '0.1.9',
42 silly addNameRange     '0.1.10',
42 silly addNameRange     '0.1.11',
42 silly addNameRange     '0.1.12',
42 silly addNameRange     '0.1.13' ] ]
43 verbose addNamed grunt-cli@0.1.13
44 silly addNamed semver.valid 0.1.13
45 silly addNamed semver.validRange 0.1.13
46 silly mapToRegistry name grunt-cli
47 silly mapToRegistry using default registry
48 silly mapToRegistry registry https://registry.npmjs.org/
49 silly mapToRegistry uri https://registry.npmjs.org/grunt-cli
50 verbose addRemoteTarball https://registry.npmjs.org/grunt-cli/-/grunt-cli-0.1.13.tgz not in flight; adding
51 verbose addRemoteTarball [ 'https://registry.npmjs.org/grunt-cli/-/grunt-cli-0.1.13.tgz',
51 verbose addRemoteTarball   'e9ebc4047631f5012d922770c39378133cad10f4' ]
52 info retry fetch attempt 1 at 10:34:30 AM
53 info attempt registry request try #1 at 10:34:30 AM
54 http fetch GET https://registry.npmjs.org/grunt-cli/-/grunt-cli-0.1.13.tgz
55 http 200 https://registry.npmjs.org/bower
56 silly get cb [ 200,
56 silly get   { date: 'Sat, 11 Apr 2015 10:34:28 GMT',
56 silly get     server: 'CouchDB/1.5.0 (Erlang OTP/R16B03)',
56 silly get     etag: '"B75PZIF9UZTD158RMY4I6WR91"',
56 silly get     'content-type': 'application/json',
56 silly get     'cache-control': 'max-age=60',
56 silly get     'content-length': '111574',
56 silly get     'accept-ranges': 'bytes',
56 silly get     via: '1.1 varnish',
56 silly get     age: '13',
56 silly get     'x-served-by': 'cache-lhr6331-LHR',
56 silly get     'x-cache': 'HIT',
56 silly get     'x-cache-hits': '1',
56 silly get     'x-timer': 'S1428748468.541413,VS0,VE1',
56 silly get     vary: 'Accept',
56 silly get     'keep-alive': 'timeout=10, max=50',
56 silly get     connection: 'Keep-Alive' } ]
57 verbose get saving bower to /Users/Jean/.npm/registry.npmjs.org/bower/.cache.json
58 silly addNameRange number 2 { name: 'bower', range: '*', hasData: true }
59 silly addNameRange versions [ 'bower',
59 silly addNameRange   [ '0.1.0',
59 silly addNameRange     '0.1.2',
59 silly addNameRange     '0.1.3',
59 silly addNameRange     '0.2.0',
59 silly addNameRange     '0.3.0',
59 silly addNameRange     '0.3.1',
59 silly addNameRange     '0.3.2',
59 silly addNameRange     '0.4.0',
59 silly addNameRange     '0.5.0',
59 silly addNameRange     '0.5.1',
59 silly addNameRange     '0.6.0',
59 silly addNameRange     '0.6.1',
59 silly addNameRange     '0.6.2',
59 silly addNameRange     '0.6.3',
59 silly addNameRange     '0.6.4',
59 silly addNameRange     '0.6.5',
59 silly addNameRange     '0.6.6',
59 silly addNameRange     '0.6.7',
59 silly addNameRange     '0.6.8',
59 silly addNameRange     '0.7.0',
59 silly addNameRange     '0.7.1',
59 silly addNameRange     '0.8.0',
59 silly addNameRange     '0.8.1',
59 silly addNameRange     '0.8.2',
59 silly addNameRange     '0.8.3',
59 silly addNameRange     '0.8.4',
59 silly addNameRange     '0.8.5',
59 silly addNameRange     '0.8.6',
59 silly addNameRange     '0.9.0',
59 silly addNameRange     '0.9.1',
59 silly addNameRange     '0.9.2',
59 silly addNameRange     '0.10.0',
59 silly addNameRange     '1.0.0',
59 silly addNameRange     '1.0.1',
59 silly addNameRange     '1.0.2',
59 silly addNameRange     '1.0.3',
59 silly addNameRange     '1.1.0',
59 silly addNameRange     '1.1.1',
59 silly addNameRange     '1.1.2',
59 silly addNameRange     '1.2.0',
59 silly addNameRange     '1.2.1',
59 silly addNameRange     '1.2.2',
59 silly addNameRange     '1.2.3',
59 silly addNameRange     '1.2.4',
59 silly addNameRange     '1.2.5',
59 silly addNameRange     '1.2.6',
59 silly addNameRange     '1.2.7',
59 silly addNameRange     '1.2.8',
59 silly addNameRange     '1.3.0',
59 silly addNameRange     '1.3.1',
59 silly addNameRange     '1.3.2',
59 silly addNameRange     '1.3.3',
59 silly addNameRange     '1.3.4',
59 silly addNameRange     '1.3.5',
59 silly addNameRange     '1.3.6',
59 silly addNameRange     '1.3.7',
59 silly addNameRange     '1.3.8',
59 silly addNameRange     '1.3.9',
59 silly addNameRange     '1.3.10',
59 silly addNameRange     '1.3.11',
59 silly addNameRange     '1.3.12',
59 silly addNameRange     '1.4.0',
59 silly addNameRange     '1.4.1' ] ]
60 verbose addNamed bower@1.4.1
61 silly addNamed semver.valid 1.4.1
62 silly addNamed semver.validRange 1.4.1
63 silly mapToRegistry name bower
64 silly mapToRegistry using default registry
65 silly mapToRegistry registry https://registry.npmjs.org/
66 silly mapToRegistry uri https://registry.npmjs.org/bower
67 verbose addRemoteTarball https://registry.npmjs.org/bower/-/bower-1.4.1.tgz not in flight; adding
68 verbose addRemoteTarball [ 'https://registry.npmjs.org/bower/-/bower-1.4.1.tgz',
68 verbose addRemoteTarball   'a18be39d030792754f30f1c5b32d37b0156ba8dd' ]
69 info retry fetch attempt 1 at 10:34:32 AM
70 info attempt registry request try #1 at 10:34:32 AM
71 http fetch GET https://registry.npmjs.org/bower/-/bower-1.4.1.tgz
72 http fetch 200 https://registry.npmjs.org/grunt-cli/-/grunt-cli-0.1.13.tgz
73 silly fetchAndShaCheck shasum e9ebc4047631f5012d922770c39378133cad10f4
74 verbose addTmpTarball /var/folders/vn/_6kg9hws5mxdhfs24g1mzmwc0000gn/T/npm-1289-35fdfd2c/registry.npmjs.org/grunt-cli/-/grunt-cli-0.1.13.tgz not in flight; adding
75 verbose addTmpTarball already have metadata; skipping unpack for grunt-cli@0.1.13
76 silly cache afterAdd grunt-cli@0.1.13
77 verbose afterAdd /Users/Jean/.npm/grunt-cli/0.1.13/package/package.json not in flight; writing
78 verbose afterAdd /Users/Jean/.npm/grunt-cli/0.1.13/package/package.json written
79 http fetch 200 https://registry.npmjs.org/bower/-/bower-1.4.1.tgz
80 silly fetchAndShaCheck shasum a18be39d030792754f30f1c5b32d37b0156ba8dd
81 verbose addTmpTarball /var/folders/vn/_6kg9hws5mxdhfs24g1mzmwc0000gn/T/npm-1289-35fdfd2c/registry.npmjs.org/bower/-/bower-1.4.1.tgz not in flight; adding
82 verbose addTmpTarball already have metadata; skipping unpack for bower@1.4.1
83 silly cache afterAdd bower@1.4.1
84 verbose afterAdd /Users/Jean/.npm/bower/1.4.1/package/package.json not in flight; writing
85 verbose afterAdd /Users/Jean/.npm/bower/1.4.1/package/package.json written
86 silly install resolved [ { name: 'grunt-cli',
86 silly install resolved     description: 'The grunt command line interface.',
86 silly install resolved     version: '0.1.13',
86 silly install resolved     author: { name: 'Grunt Team' },
86 silly install resolved     homepage: 'http://gruntjs.com/',
86 silly install resolved     repository: { type: 'git', url: 'git://github.com/gruntjs/grunt-cli.git' },
86 silly install resolved     bugs: { url: 'http://github.com/gruntjs/grunt-cli/issues' },
86 silly install resolved     licenses: [ [Object] ],
86 silly install resolved     bin: { grunt: 'bin/grunt' },
86 silly install resolved     engines: { node: '>= 0.8.0' },
86 silly install resolved     scripts: { test: 'node bin/grunt test' },
86 silly install resolved     preferGlobal: true,
86 silly install resolved     dependencies: { nopt: '~1.0.10', 'findup-sync': '~0.1.0', resolve: '~0.3.1' },
86 silly install resolved     devDependencies: { grunt: '~0.4.0', 'grunt-contrib-jshint': '~0.2.0' },
86 silly install resolved     contributors: [ [Object], [Object], [Object], [Object] ],
86 silly install resolved     _id: 'grunt-cli@0.1.13',
86 silly install resolved     dist:
86 silly install resolved      { shasum: 'e9ebc4047631f5012d922770c39378133cad10f4',
86 silly install resolved        tarball: 'http://registry.npmjs.org/grunt-cli/-/grunt-cli-0.1.13.tgz' },
86 silly install resolved     _from: 'grunt-cli@*',
86 silly install resolved     _npmVersion: '1.3.24',
86 silly install resolved     _npmUser: { name: 'tkellen', email: 'tyler@sleekcode.net' },
86 silly install resolved     maintainers: [ [Object] ],
86 silly install resolved     directories: {},
86 silly install resolved     _shasum: 'e9ebc4047631f5012d922770c39378133cad10f4',
86 silly install resolved     _resolved: 'https://registry.npmjs.org/grunt-cli/-/grunt-cli-0.1.13.tgz' },
86 silly install resolved   { name: 'bower',
86 silly install resolved     version: '1.4.1',
86 silly install resolved     description: 'The browser package manager',
86 silly install resolved     author: { name: 'Twitter' },
86 silly install resolved     licenses: [ [Object] ],
86 silly install resolved     repository: { type: 'git', url: 'https://github.com/bower/bower' },
86 silly install resolved     main: 'lib',
86 silly install resolved     homepage: 'http://bower.io',
86 silly install resolved     engines: { node: '>=0.10.0' },
86 silly install resolved     dependencies:
86 silly install resolved      { abbrev: '^1.0.5',
86 silly install resolved        archy: '1.0.0',
86 silly install resolved        'bower-config': '^0.6.1',
86 silly install resolved        'bower-endpoint-parser': '^0.2.2',
86 silly install resolved        'bower-json': '^0.4.0',
86 silly install resolved        'bower-logger': '^0.2.2',
86 silly install resolved        'bower-registry-client': '^0.3.0',
86 silly install resolved        cardinal: '0.4.4',
86 silly install resolved        chalk: '^1.0.0',
86 silly install resolved        chmodr: '0.1.0',
86 silly install resolved        configstore: '^0.3.2',
86 silly install resolved        'decompress-zip': '^0.1.0',
86 silly install resolved        fstream: '^1.0.3',
86 silly install resolved        'fstream-ignore': '^1.0.2',
86 silly install resolved        github: '^0.2.3',
86 silly install resolved        glob: '^4.3.2',
86 silly install resolved        'graceful-fs': '^3.0.5',
86 silly install resolved        handlebars: '^2.0.0',
86 silly install resolved        inquirer: '0.8.0',
86 silly install resolved        insight: '^0.5.0',
86 silly install resolved        'is-root': '^1.0.0',
86 silly install resolved        junk: '^1.0.0',
86 silly install resolved        lockfile: '^1.0.0',
86 silly install resolved        'lru-cache': '^2.5.0',
86 silly install resolved        mkdirp: '0.5.0',
86 silly install resolved        mout: '^0.11.0',
86 silly install resolved        nopt: '^3.0.1',
86 silly install resolved        opn: '^1.0.1',
86 silly install resolved        'p-throttler': '0.1.1',
86 silly install resolved        promptly: '0.2.0',
86 silly install resolved        q: '^1.1.2',
86 silly install resolved        request: '2.53.0',
86 silly install resolved        'request-progress': '0.3.1',
86 silly install resolved        retry: '0.6.1',
86 silly install resolved        rimraf: '^2.2.8',
86 silly install resolved        semver: '^2.3.0',
86 silly install resolved        'shell-quote': '^1.4.2',
86 silly install resolved        'stringify-object': '^1.0.0',
86 silly install resolved        'tar-fs': '^1.4.1',
86 silly install resolved        tmp: '0.0.24',
86 silly install resolved        'update-notifier': '^0.3.0',
86 silly install resolved        'user-home': '^1.1.0',
86 silly install resolved        which: '^1.0.8' },
86 silly install resolved     devDependencies:
86 silly install resolved      { chai: '^1.10.0',
86 silly install resolved        coveralls: '^2.11.2',
86 silly install resolved        'expect.js': '^0.3.1',
86 silly install resolved        grunt: '^0.4.5',
86 silly install resolved        'grunt-cli': '^0.1.13',
86 silly install resolved        'grunt-contrib-jshint': '^0.10.0',
86 silly install resolved        'grunt-contrib-watch': '^0.6.1',
86 silly install resolved        'grunt-exec': '^0.4.6',
86 silly install resolved        'grunt-simple-mocha': '^0.4.0',
86 silly install resolved        istanbul: '^0.3.5',
86 silly install resolved        'load-grunt-tasks': '^2.0.0',
86 silly install resolved        mocha: '^2.1.0',
86 silly install resolved        multiline: '^1.0.2',
86 silly install resolved        nock: '^0.56.0',
86 silly install resolved        'node-uuid': '^1.4.2',
86 silly install resolved        proxyquire: '^1.3.0',
86 silly install resolved        'spawn-sync': '^1.0.5' },
86 silly install resolved     scripts: { test: 'grunt test' },
86 silly install resolved     bin: { bower: 'bin/bower' },
86 silly install resolved     preferGlobal: true,
86 silly install resolved     gitHead: 'a1287416d40f944d58cb8f2e774e2076bfffd32f',
86 silly install resolved     bugs: { url: 'https://github.com/bower/bower/issues' },
86 silly install resolved     _id: 'bower@1.4.1',
86 silly install resolved     _shasum: 'a18be39d030792754f30f1c5b32d37b0156ba8dd',
86 silly install resolved     _from: 'bower@*',
86 silly install resolved     _npmVersion: '2.7.4',
86 silly install resolved     _nodeVersion: '0.12.0',
86 silly install resolved     _npmUser: { name: 'sheerun', email: 'sheerun@sher.pl' },
86 silly install resolved     maintainers: [ [Object], [Object], [Object], [Object], [Object], [Object] ],
86 silly install resolved     dist:
86 silly install resolved      { shasum: 'a18be39d030792754f30f1c5b32d37b0156ba8dd',
86 silly install resolved        tarball: 'http://registry.npmjs.org/bower/-/bower-1.4.1.tgz' },
86 silly install resolved     directories: {},
86 silly install resolved     _resolved: 'https://registry.npmjs.org/bower/-/bower-1.4.1.tgz' } ]
87 info install grunt-cli@0.1.13 into /usr/local/lib
88 info install bower@1.4.1 into /usr/local/lib
89 info installOne grunt-cli@0.1.13
90 verbose installOne of grunt-cli to /usr/local/lib not in flight; installing
91 info installOne bower@1.4.1
92 verbose installOne of bower to /usr/local/lib not in flight; installing
93 warn locking Error: EACCES, open '/Users/Jean/.npm/_locks/grunt-cli-58f484dab06f0a30.lock'
93 warn locking     at Error (native)
93 warn locking  /Users/Jean/.npm/_locks/grunt-cli-58f484dab06f0a30.lock failed { [Error: EACCES, open '/Users/Jean/.npm/_locks/grunt-cli-58f484dab06f0a30.lock']
93 warn locking   errno: -13,
93 warn locking   code: 'EACCES',
93 warn locking   path: '/Users/Jean/.npm/_locks/grunt-cli-58f484dab06f0a30.lock' }
94 verbose stack Error: Attempt to unlock /usr/local/lib/node_modules/grunt-cli, which hasn't been locked
94 verbose stack     at unlock (/usr/local/lib/node_modules/npm/lib/utils/locker.js:66:11)
94 verbose stack     at cb (/usr/local/lib/node_modules/npm/lib/install.js:1004:5)
94 verbose stack     at /usr/local/lib/node_modules/npm/lib/install.js:1008:20
94 verbose stack     at /usr/local/lib/node_modules/npm/lib/utils/locker.js:40:9
94 verbose stack     at cb (/usr/local/lib/node_modules/npm/node_modules/lockfile/lockfile.js:149:38)
94 verbose stack     at /usr/local/lib/node_modules/npm/node_modules/lockfile/lockfile.js:177:38
94 verbose stack     at FSReqWrap.oncomplete (fs.js:95:15)
95 verbose cwd /Users/Jean/Documents/Workspace/Website
96 error Darwin 14.1.0
97 error argv "/usr/local/bin/node" "/usr/local/bin/npm" "install" "-g" "grunt-cli" "bower"
98 error node v0.12.2
99 error npm  v2.7.4
100 error Attempt to unlock /usr/local/lib/node_modules/grunt-cli, which hasn't been locked
101 error If you need help, you may report this error at:
101 error     <https://github.com/npm/npm/issues>
102 verbose exit [ 1, true ]
